[    0.000000] Initializing cgroup subsys cpuset
[    0.000000] Initializing cgroup subsys cpu
[    0.000000] Initializing cgroup subsys cpuacct
[    0.000000] Linux version 4.4.0-171-generic (buildd@lcy01-amd64-018) (gcc version 5.4.0 20160609 (Ubuntu 5.4.0-6ubuntu1~16.04.12) ) #200-Ubuntu SMP Tue Dec 3 11:04:55 UTC 2019 (Ubuntu 4.4.0-171.200-generic 4.4.203)
[    0.000000] Command line: BOOT_IMAGE=/boot/vmlinuz-4.4.0-171-generic root=LABEL=cloudimg-rootfs ro console=tty1 console=ttyS0
[    0.000000] KERNEL supported cpus:
[    0.000000]   Intel GenuineIntel
[    0.000000]   AMD AuthenticAMD
[    0.000000]   Centaur CentaurHauls
[    0.000000] x86/fpu: Supporting XSAVE feature 0x01: 'x87 floating point registers'
[    0.000000] x86/fpu: Supporting XSAVE feature 0x02: 'SSE registers'
[    0.000000] x86/fpu: Enabled xstate features 0x3, context size is 576 bytes, using 'standard' format.
[    0.000000] e820: BIOS-provided physical RAM map:
[    0.000000] BIOS-e820: [mem 0x0000000000000000-0x000000000009fbff] usable
[    0.000000] BIOS-e820: [mem 0x000000000009fc00-0x000000000009ffff] reserved
[    0.000000] BIOS-e820: [mem 0x00000000000f0000-0x00000000000fffff] reserved
[    0.000000] BIOS-e820: [mem 0x0000000000100000-0x000000001ffeffff] usable
[    0.000000] BIOS-e820: [mem 0x000000001fff0000-0x000000001fffffff] ACPI data
[    0.000000] BIOS-e820: [mem 0x00000000fec00000-0x00000000fec00fff] reserved
[    0.000000] BIOS-e820: [mem 0x00000000fee00000-0x00000000fee00fff] reserved
[    0.000000] BIOS-e820: [mem 0x00000000fffc0000-0x00000000ffffffff] reserved
[    0.000000] NX (Execute Disable) protection: active
[    0.000000] SMBIOS 2.5 present.
[    0.000000] Hypervisor detected: KVM
[    0.000000] Kernel/User page tables isolation: disabled
[    0.000000] e820: last_pfn = 0x1fff0 max_arch_pfn = 0x400000000
[    0.000000] MTRR: Disabled
[    0.000000] x86/PAT: MTRRs disabled, skipping PAT initialization too.
[    0.000000] CPU MTRRs all blank - virtualized system.
[    0.000000] x86/PAT: Configuration [0-7]: WB  WT  UC- UC  WB  WT  UC- UC  
[    0.000000] found SMP MP-table at [mem 0x0009fff0-0x0009ffff] mapped at [ffff88000009fff0]
[    0.000000] Scanning 1 areas for low memory corruption
[    0.000000] RAMDISK: [mem 0x1e95a000-0x1f7e0fff]
[    0.000000] ACPI: Early table checksum verification disabled
[    0.000000] ACPI: RSDP 0x00000000000E0000 000024 (v02 VBOX  )
[    0.000000] ACPI: XSDT 0x000000001FFF0030 00003C (v01 VBOX   VBOXXSDT 00000001 ASL  00000061)
[    0.000000] ACPI: FACP 0x000000001FFF00F0 0000F4 (v04 VBOX   VBOXFACP 00000001 ASL  00000061)
[    0.000000] ACPI: DSDT 0x000000001FFF0470 0022EA (v02 VBOX   VBOXBIOS 00000002 INTL 20180105)
[    0.000000] ACPI: FACS 0x000000001FFF0200 000040
[    0.000000] ACPI: FACS 0x000000001FFF0200 000040
[    0.000000] ACPI: APIC 0x000000001FFF0240 00005C (v02 VBOX   VBOXAPIC 00000001 ASL  00000061)
[    0.000000] ACPI: SSDT 0x000000001FFF02A0 0001CC (v01 VBOX   VBOXCPUT 00000002 INTL 20180105)
[    0.000000] No NUMA configuration found
[    0.000000] Faking a node at [mem 0x0000000000000000-0x000000001ffeffff]
[    0.000000] NODE_DATA(0) allocated [mem 0x1ffeb000-0x1ffeffff]
[    0.000000] kvm-clock: Using msrs 4b564d01 and 4b564d00
[    0.000000] kvm-clock: cpu 0, msr 0:1ffe3001, primary cpu clock
[    0.000000] kvm-clock: using sched offset of 4207088348 cycles
[    0.000000] clocksource: kvm-clock: mask: 0xffffffffffffffff max_cycles: 0x1cd42e4dffb, max_idle_ns: 881590591483 ns
[    0.000000] Zone ranges:
[    0.000000]   DMA      [mem 0x0000000000001000-0x0000000000ffffff]
[    0.000000]   DMA32    [mem 0x0000000001000000-0x000000001ffeffff]
[    0.000000]   Normal   empty
[    0.000000]   Device   empty
[    0.000000] Movable zone start for each node
[    0.000000] Early memory node ranges
[    0.000000]   node   0: [mem 0x0000000000001000-0x000000000009efff]
[    0.000000]   node   0: [mem 0x0000000000100000-0x000000001ffeffff]
[    0.000000] Initmem setup node 0 [mem 0x0000000000001000-0x000000001ffeffff]
[    0.000000] ACPI: PM-Timer IO Port: 0x4008
[    0.000000] IOAPIC[0]: apic_id 2, version 32, address 0xfec00000, GSI 0-23
[    0.000000] ACPI: INT_SRC_OVR (bus 0 bus_irq 0 global_irq 2 dfl dfl)
[    0.000000] ACPI: INT_SRC_OVR (bus 0 bus_irq 9 global_irq 9 low level)
[    0.000000] Using ACPI (MADT) for SMP configuration information
[    0.000000] smpboot: Allowing 2 CPUs, 0 hotplug CPUs
[    0.000000] PM: Registered nosave memory: [mem 0x00000000-0x00000fff]
[    0.000000] PM: Registered nosave memory: [mem 0x0009f000-0x0009ffff]
[    0.000000] PM: Registered nosave memory: [mem 0x000a0000-0x000effff]
[    0.000000] PM: Registered nosave memory: [mem 0x000f0000-0x000fffff]
[    0.000000] e820: [mem 0x20000000-0xfebfffff] available for PCI devices
[    0.000000] Booting paravirtualized kernel on KVM
[    0.000000] clocksource: refined-jiffies: mask: 0xffffffff max_cycles: 0xffffffff, max_idle_ns: 7645519600211568 ns
[    0.000000] setup_percpu: NR_CPUS:512 nr_cpumask_bits:512 nr_cpu_ids:2 nr_node_ids:1
[    0.000000] PERCPU: Embedded 33 pages/cpu @ffff88001fc00000 s95448 r8192 d31528 u1048576
[    0.000000] Built 1 zonelists in Node order, mobility grouping on.  Total pages: 128888
[    0.000000] Policy zone: DMA32
[    0.000000] Kernel command line: BOOT_IMAGE=/boot/vmlinuz-4.4.0-171-generic root=LABEL=cloudimg-rootfs ro console=tty1 console=ttyS0
[    0.000000] PID hash table entries: 2048 (order: 2, 16384 bytes)
[    0.000000] Memory: 481600K/523832K available (8626K kernel code, 1336K rwdata, 4032K rodata, 1488K init, 1288K bss, 42232K reserved, 0K cma-reserved)
[    0.000000] SLUB: HWalign=64, Order=0-3, MinObjects=0, CPUs=2, Nodes=1
[    0.000000] Hierarchical RCU implementation.
[    0.000000] 	Build-time adjustment of leaf fanout to 64.
[    0.000000] 	RCU restricting CPUs from NR_CPUS=512 to nr_cpu_ids=2.
[    0.000000] RCU: Adjusting geometry for rcu_fanout_leaf=64, nr_cpu_ids=2
[    0.000000] NR_IRQS:33024 nr_irqs:440 16
[    0.000000] Console: colour VGA+ 80x25
[    0.000000] console [tty1] enabled
[    0.000000] console [ttyS0] enabled
[    0.000000] tsc: Detected 1593.599 MHz processor
[    0.327866] Calibrating delay loop (skipped) preset value.. 3187.19 BogoMIPS (lpj=6374396)
[    0.332412] pid_max: default: 32768 minimum: 301
[    0.334888] ACPI: Core revision 20150930
[    0.339248] ACPI: 2 ACPI AML tables successfully acquired and loaded
[    0.342701] Security Framework initialized
[    0.344923] Yama: becoming mindful.
[    0.347022] AppArmor: AppArmor initialized
[    0.349320] Dentry cache hash table entries: 65536 (order: 7, 524288 bytes)
[    0.352911] Inode-cache hash table entries: 32768 (order: 6, 262144 bytes)
[    0.356452] Mount-cache hash table entries: 1024 (order: 1, 8192 bytes)
[    0.359691] Mountpoint-cache hash table entries: 1024 (order: 1, 8192 bytes)
[    0.363521] Initializing cgroup subsys io
[    0.365733] Initializing cgroup subsys memory
[    0.368175] Initializing cgroup subsys devices
[    0.370591] Initializing cgroup subsys freezer
[    0.372921] Initializing cgroup subsys net_cls
[    0.375480] Initializing cgroup subsys perf_event
[    0.377939] Initializing cgroup subsys net_prio
[    0.380317] Initializing cgroup subsys hugetlb
[    0.382714] Initializing cgroup subsys pids
[    0.397076] mce: CPU supports 0 MCE banks
[    0.399867] Last level iTLB entries: 4KB 48, 2MB 0, 4MB 0
[    0.402695] Last level dTLB entries: 4KB 0, 2MB 0, 4MB 0, 1GB 0
[    0.405692] Spectre V1 : Mitigation: usercopy/swapgs barriers and __user pointer sanitization
[    0.410278] Spectre V2 : Mitigation: Full generic retpoline
[    0.413067] Spectre V2 : Spectre v2 / SpectreRSB mitigation: Filling RSB on context switch
[    0.425380] Freeing SMP alternatives memory: 36K
[    0.445141] ftrace: allocating 32302 entries in 127 pages
[    0.598710] smpboot: APIC(0) Converting physical 0 to logical package 0
[    0.603559] smpboot: Max logical packages: 1
[    0.607418] x2apic enabled
[    0.610354] Switched APIC routing to physical x2apic.
[    0.616898] ..TIMER: vector=0x30 apic1=0 pin1=2 apic2=-1 pin2=-1
[    0.729336] smpboot: CPU0: Intel(R) Atom(TM) Processor E3950 @ 1.60GHz (family: 0x6, model: 0x5c, stepping: 0x9)
[    0.737596] Performance Events: unsupported p6 CPU model 92 no PMU driver, software events only.
[    0.769456] KVM setup paravirtual spinlock
[    0.774261] x86: Booting SMP configuration:
[    0.777633] .... node  #0, CPUs:      #1
[    0.781132] kvm-clock: cpu 1, msr 0:1ffe3041, secondary cpu clock
[    0.796632] mce: CPU supports 0 MCE banks
[    0.800825] x86: Booted up 1 node, 2 CPUs
[    0.804605] smpboot: Total of 2 processors activated (6374.39 BogoMIPS)
[    0.810316] devtmpfs: initialized
[    0.816313] evm: security.selinux
[    0.819085] evm: security.SMACK64
[    0.821709] evm: security.SMACK64EXEC
[    0.824754] evm: security.SMACK64TRANSMUTE
[    0.827981] evm: security.SMACK64MMAP
[    0.832158] evm: security.ima
[    0.834083] evm: security.capability
[    0.836681] clocksource: jiffies: mask: 0xffffffff max_cycles: 0xffffffff, max_idle_ns: 7645041785100000 ns
[    0.841364] futex hash table entries: 512 (order: 3, 32768 bytes)
[    0.844668] pinctrl core: initialized pinctrl subsystem
[    0.847822] RTC time:  7:49:14, date: 01/20/20
[    0.850571] NET: Registered protocol family 16
[    0.862178] cpuidle: using governor ladder
[    0.874802] cpuidle: using governor menu
[    0.878395] PCCT header not found.
[    0.883735] ACPI: bus type PCI registered
[    0.886409] acpiphp: ACPI Hot Plug PCI Controller Driver version: 0.5
[    0.889878] PCI: Using configuration type 1 for base access
[    0.909676] ACPI: Added _OSI(Module Device)
[    0.913279] ACPI: Added _OSI(Processor Device)
[    0.916602] ACPI: Added _OSI(3.0 _SCP Extensions)
[    0.920193] ACPI: Added _OSI(Processor Aggregator Device)
[    0.924148] ACPI: Executed 1 blocks of module-level executable AML code
[    0.931772] ACPI: Interpreter enabled
[    0.933931] ACPI: (supports S0 S5)
[    0.936040] ACPI: Using IOAPIC for interrupt routing
[    0.938757] PCI: Using host bridge windows from ACPI; if necessary, use "pci=nocrs" and report a bug
[    0.951336] ACPI: PCI Root Bridge [PCI0] (domain 0000 [bus 00-ff])
[    0.954325] acpi PNP0A03:00: _OSC: OS supports [ASPM ClockPM Segments MSI]
[    0.958115] acpi PNP0A03:00: _OSC: not requesting OS control; OS requires [ExtendedConfig ASPM ClockPM MSI]
[    0.962630] acpi PNP0A03:00: fail to add MMCONFIG information, can't access extended PCI configuration space under this bridge.
[    0.968415] PCI host bridge to bus 0000:00
[    0.970457] pci_bus 0000:00: root bus resource [io  0x0000-0x0cf7 window]
[    0.973330] pci_bus 0000:00: root bus resource [io  0x0d00-0xffff window]
[    0.978093] pci_bus 0000:00: root bus resource [mem 0x000a0000-0x000bffff window]
[    0.982075] pci_bus 0000:00: root bus resource [mem 0x20000000-0xfdffffff window]
[    0.985900] pci_bus 0000:00: root bus resource [bus 00-ff]
[    0.992274] pci 0000:00:01.1: legacy IDE quirk: reg 0x10: [io  0x01f0-0x01f7]
[    0.995514] pci 0000:00:01.1: legacy IDE quirk: reg 0x14: [io  0x03f6]
[    0.998385] pci 0000:00:01.1: legacy IDE quirk: reg 0x18: [io  0x0170-0x0177]
[    1.001459] pci 0000:00:01.1: legacy IDE quirk: reg 0x1c: [io  0x0376]
[    1.044771] pci 0000:00:07.0: quirk: [io  0x4000-0x403f] claimed by PIIX4 ACPI
[    1.051463] pci 0000:00:07.0: quirk: [io  0x4100-0x410f] claimed by PIIX4 SMB
[    1.080496] ACPI: PCI Interrupt Link [LNKA] (IRQs 5 9 10 *11)
[    1.113240] ACPI: PCI Interrupt Link [LNKB] (IRQs 5 9 *10 11)
[    1.119811] ACPI: PCI Interrupt Link [LNKC] (IRQs 5 *9 10 11)
[    1.125881] ACPI: PCI Interrupt Link [LNKD] (IRQs 5 9 10 *11)
[    1.130217] ACPI: Enabled 2 GPEs in block 00 to 07
[    1.135995] vgaarb: setting as boot device: PCI:0000:00:02.0
[    1.142753] vgaarb: device added: PCI:0000:00:02.0,decodes=io+mem,owns=io+mem,locks=none
[    1.153222] vgaarb: loaded
[    1.155380] vgaarb: bridge control possible 0000:00:02.0
[    1.161226] SCSI subsystem initialized
[    1.165687] ACPI: bus type USB registered
[    1.168023] usbcore: registered new interface driver usbfs
[    1.170718] usbcore: registered new interface driver hub
[    1.173380] usbcore: registered new device driver usb
[    1.176605] PCI: Using ACPI for IRQ routing
[    1.179458] NetLabel: Initializing
[    1.181302] NetLabel:  domain hash size = 128
[    1.183588] NetLabel:  protocols = UNLABELED CIPSOv4
[    1.185925] NetLabel:  unlabeled traffic allowed by default
[    1.189167] amd_nb: Cannot enumerate AMD northbridges
[    1.191769] clocksource: Switched to clocksource kvm-clock
[    1.208231] AppArmor: AppArmor Filesystem Enabled
[    1.211765] pnp: PnP ACPI init
[    1.215590] pnp: PnP ACPI: found 3 devices
[    1.240876] clocksource: acpi_pm: mask: 0xffffff max_cycles: 0xffffff, max_idle_ns: 2085701024 ns
[    1.245419] NET: Registered protocol family 2
[    1.248540] TCP established hash table entries: 4096 (order: 3, 32768 bytes)
[    1.252436] TCP bind hash table entries: 4096 (order: 4, 65536 bytes)
[    1.255664] TCP: Hash tables configured (established 4096 bind 4096)
[    1.258915] UDP hash table entries: 256 (order: 1, 8192 bytes)
[    1.261874] UDP-Lite hash table entries: 256 (order: 1, 8192 bytes)
[    1.264964] NET: Registered protocol family 1
[    1.267371] pci 0000:00:00.0: Limiting direct PCI/PCI transfers
[    1.270307] pci 0000:00:01.0: Activating ISA DMA hang workarounds
[    1.274478] Unpacking initramfs...
[    1.700758] Freeing initrd memory: 14876K
[    1.704498] clocksource: tsc: mask: 0xffffffffffffffff max_cycles: 0x16f88633572, max_idle_ns: 440795251289 ns
[    1.712663] platform rtc_cmos: registered platform RTC device (no PNP device found)
[    1.718591] Scanning for low memory corruption every 60 seconds
[    1.724203] audit: initializing netlink subsys (disabled)
[    1.728292] audit: type=2000 audit(1579506560.629:1): initialized
[    1.733124] Initialise system trusted keyring
[    1.737894] HugeTLB registered 2 MB page size, pre-allocated 0 pages
[    1.745174] zbud: loaded
[    1.748870] VFS: Disk quotas dquot_6.6.0
[    1.752137] VFS: Dquot-cache hash table entries: 512 (order 0, 4096 bytes)
[    1.757449] squashfs: version 4.0 (2009/01/31) Phillip Lougher
[    1.762819] fuse init (API version 7.23)
[    1.765615] Key type big_key registered
[    1.767642] Allocating IMA MOK and blacklist keyrings.
[    1.774197] Key type asymmetric registered
[    1.776357] Asymmetric key parser 'x509' registered
[    1.779037] Block layer SCSI generic (bsg) driver version 0.4 loaded (major 249)
[    1.783069] io scheduler noop registered
[    1.785118] io scheduler deadline registered (default)
[    1.787613] io scheduler cfq registered
[    1.789878] pci_hotplug: PCI Hot Plug PCI Core version: 0.5
[    1.792408] pciehp: PCI Express Hot Plug Controller Driver version: 0.4
[    1.795796] ACPI: AC Adapter [AC] (on-line)
[    1.798133] input: Power Button as /devices/LNXSYSTM:00/LNXPWRBN:00/input/input0
[    1.801856] ACPI: Power Button [PWRF]
[    1.804422] input: Sleep Button as /devices/LNXSYSTM:00/LNXSLPBN:00/input/input1
[    1.808227] ACPI: Sleep Button [SLPF]
[    1.810993] GHES: HEST is not enabled!
[    1.813460] ACPI: Battery Slot [BAT0] (battery present)
[    1.817773] Serial: 8250/16550 driver, 32 ports, IRQ sharing enabled
[    1.842049] 00:0: ttyS0 at I/O 0x3f8 (irq = 4, base_baud = 115200) is a 16550A
[    1.850338] Linux agpgart interface v0.103
[    1.856491] loop: module loaded
[    1.860144] scsi host0: ata_piix
[    1.862373] scsi host1: ata_piix
[    1.864196] ata1: PATA max UDMA/33 cmd 0x1f0 ctl 0x3f6 bmdma 0xd000 irq 14
[    1.867211] ata2: PATA max UDMA/33 cmd 0x170 ctl 0x376 bmdma 0xd008 irq 15
[    1.871514] libphy: Fixed MDIO Bus: probed
[    1.873665] tun: Universal TUN/TAP device driver, 1.6
[    1.875994] tun: (C) 1999-2004 Max Krasnyansky <maxk@qualcomm.com>
[    1.878982] PPP generic driver version 2.4.2
[    1.881202] ehci_hcd: USB 2.0 'Enhanced' Host Controller (EHCI) Driver
[    1.883905] ehci-pci: EHCI PCI platform driver
[    1.886136] ehci-platform: EHCI generic platform driver
[    1.888475] ohci_hcd: USB 1.1 'Open' Host Controller (OHCI) Driver
[    1.891194] ohci-pci: OHCI PCI platform driver
[    1.893359] ohci-platform: OHCI generic platform driver
[    1.895671] uhci_hcd: USB Universal Host Controller Interface driver
[    1.898678] i8042: PNP: PS/2 Controller [PNP0303:PS2K,PNP0f03:PS2M] at 0x60,0x64 irq 1,12
[    1.903706] serio: i8042 KBD port at 0x60,0x64 irq 1
[    1.906410] serio: i8042 AUX port at 0x60,0x64 irq 12
[    1.909380] mousedev: PS/2 mouse device common for all mice
[    1.913056] input: AT Translated Set 2 keyboard as /devices/platform/i8042/serio0/input/input2
[    1.917454] rtc_cmos rtc_cmos: rtc core: registered rtc_cmos as rtc0
[    1.924461] rtc_cmos rtc_cmos: alarms up to one day, 114 bytes nvram
[    1.931008] i2c /dev entries driver
[    1.934909] device-mapper: uevent: version 1.0.3
[    1.940436] device-mapper: ioctl: 4.34.0-ioctl (2015-10-28) initialised: dm-devel@redhat.com
[    1.949049] ledtrig-cpu: registered to indicate activity on CPUs
[    1.956592] NET: Registered protocol family 10
[    1.962302] NET: Registered protocol family 17
[    1.967280] Key type dns_resolver registered
[    1.974143] registered taskstats version 1
[    1.978549] Loading compiled-in X.509 certificates
[    1.984998] Loaded X.509 cert 'Build time autogenerated kernel key: e951a32ceec0422669d36e9913b2c7dea5e0a587'
[    1.995298] zswap: loaded using pool lzo/zbud
[    2.006127] Key type trusted registered
[    2.023183] Key type encrypted registered
[    2.026366] AppArmor: AppArmor sha1 policy hashing enabled
[    2.029909] ima: No TPM chip found, activating TPM-bypass!
[    2.033052] ima: Allocated hash algorithm: sha1
[    2.035765] evm: HMAC attrs: 0x1
[    2.039087]   Magic number: 4:1:825
[    2.041790] rtc_cmos rtc_cmos: setting system clock to 2020-01-20 07:49:15 UTC (1579506555)
[    2.046838] BIOS EDD facility v0.16 2004-Jun-25, 0 devices found
[    2.049990] EDD information not available.
[    2.055409] Freeing unused kernel memory: 1488K
[    2.072250] Write protecting the kernel read-only data: 14336k
[    2.078675] Freeing unused kernel memory: 1604K
[    2.084443] Freeing unused kernel memory: 64K
Loading, please wait...
starting version 229
[    2.137012] random: systemd-udevd: uninitialized urandom read (16 bytes read, 5 bits of entropy available)
[    2.138808] random: udevadm: uninitialized urandom read (16 bytes read, 5 bits of entropy available)
[    2.138877] random: udevadm: uninitialized urandom read (16 bytes read, 5 bits of entropy available)
[    2.152753] random: systemd-udevd: uninitialized urandom read (16 bytes read, 5 bits of entropy available)
[    2.157554] random: systemd-udevd: uninitialized urandom read (16 bytes read, 5 bits of entropy available)
[    2.162122] random: systemd-udevd: uninitialized urandom read (16 bytes read, 5 bits of entropy available)
[    2.168358] random: udevadm: uninitialized urandom read (16 bytes read, 5 bits of entropy available)
[    2.168420] random: systemd-udevd: uninitialized urandom read (16 bytes read, 5 bits of entropy available)
[    2.168467] random: systemd-udevd: uninitialized urandom read (16 bytes read, 5 bits of entropy available)
[    2.168492] random: systemd-udevd: uninitialized urandom read (16 bytes read, 5 bits of entropy available)
[    2.287881] e1000: Intel(R) PRO/1000 Network Driver - version 7.3.21-k8-NAPI
[    2.291576] e1000: Copyright (c) 1999-2006 Intel Corporation.
[    2.348672] Fusion MPT base driver 3.04.20
[    2.351374] Copyright (c) 1999-2008 LSI Corporation
[    2.416794] SSE version of gcm_enc/dec engaged.
[    2.426852] Fusion MPT SPI Host driver 3.04.20
[    2.602843] input: ImExPS/2 Generic Explorer Mouse as /devices/platform/i8042/serio1/input/input4
[    2.877010] e1000 0000:00:03.0 eth0: (PCI:33MHz:32-bit) 02:e4:c4:97:dc:06
[    2.880599] e1000 0000:00:03.0 eth0: Intel(R) PRO/1000 Network Connection
[    2.885846] mptbase: ioc0: Initiating bringup
[    2.965412] ioc0: LSI53C1030 A0: Capabilities={Initiator}
[    3.591302] scsi host2: ioc0: LSI53C1030 A0, FwRev=00000000h, Ports=1, MaxQ=256, IRQ=20
[    3.734635] scsi 2:0:0:0: Direct-Access     VBOX     HARDDISK         1.0  PQ: 0 ANSI: 5
[    3.745707] scsi target2:0:0: Beginning Domain Validation
[    3.753039] scsi target2:0:0: Domain Validation skipping write tests
[    3.757713] scsi target2:0:0: Ending Domain Validation
[    3.761908] scsi target2:0:0: asynchronous
[    3.767927] scsi 2:0:1:0: Direct-Access     VBOX     HARDDISK         1.0  PQ: 0 ANSI: 5
[    3.783679] scsi target2:0:1: Beginning Domain Validation
[    3.821398] scsi target2:0:1: Domain Validation skipping write tests
[    3.824490] scsi target2:0:1: Ending Domain Validation
[    3.827262] scsi target2:0:1: asynchronous
[    3.853420] sd 2:0:0:0: Attached scsi generic sg0 type 0
[    3.854451] sd 2:0:0:0: [sda] 20971520 512-byte logical blocks: (10.7 GB/10.0 GiB)
[    3.854805] sd 2:0:0:0: [sda] Write Protect is off
[    3.855058] sd 2:0:0:0: [sda] Incomplete mode parameter data
[    3.855060] sd 2:0:0:0: [sda] Assuming drive cache: write through
[    3.918316] sd 2:0:1:0: Attached scsi generic sg1 type 0
[    3.925514] sd 2:0:1:0: [sdb] 20480 512-byte logical blocks: (10.5 MB/10.0 MiB)
[    3.947588] sd 2:0:1:0: [sdb] Write Protect is off
[    3.951151]  sda: sda1
[    3.955784] sd 2:0:1:0: [sdb] Incomplete mode parameter data
[    3.961567] sd 2:0:1:0: [sdb] Assuming drive cache: write through
[    3.967958] sd 2:0:0:0: [sda] Attached SCSI disk
[    3.980730] sd 2:0:1:0: [sdb] Attached SCSI disk
[    4.278422] e1000 0000:00:08.0 eth1: (PCI:33MHz:32-bit) 08:00:27:f6:29:15
[    4.282207] e1000 0000:00:08.0 eth1: Intel(R) PRO/1000 Network Connection
[    4.288619] e1000 0000:00:03.0 enp0s3: renamed from eth0
[    4.300777] e1000 0000:00:08.0 enp0s8: renamed from eth1
Begin: Loading essential drivers ... [    6.272023] md: linear personality registered for level -1
[    6.281876] md: multipath personality registered for level -4
[    6.291930] md: raid0 personality registered for level 0
[    6.304517] md: raid1 personality registered for level 1
[    6.383859] raid6: sse2x1   gen()  4065 MB/s
[    6.451894] raid6: sse2x1   xor()  2531 MB/s
[    6.519857] raid6: sse2x2   gen()  4815 MB/s
[    6.587871] raid6: sse2x2   xor()  2938 MB/s
[    6.655960] raid6: sse2x4   gen()  5535 MB/s
[    6.723867] raid6: sse2x4   xor()  1972 MB/s
[    6.726202] raid6: using algorithm sse2x4 gen() 5535 MB/s
[    6.729146] raid6: .... xor() 1972 MB/s, rmw enabled
[    6.731705] raid6: using ssse3x2 recovery algorithm
[    6.738698] xor: measuring software checksum speed
[    6.800093]    prefetch64-sse: 17980.000 MB/sec
[    6.856677]    generic_sse: 16341.000 MB/sec
[    6.859035] xor: using function: prefetch64-sse (17980.000 MB/sec)
[    6.865548] async_tx: api initialized (async)
[    6.893113] md: raid6 personality registered for level 6
[    6.896081] md: raid5 personality registered for level 5
[    6.898766] md: raid4 personality registered for level 4
[    6.926147] md: raid10 personality registered for level 10
done.
Begin: Running /scripts/init-premount ... done.
Begin: Mounting root file system ... Begin: Running /scripts/local-top ... done.
Begin: Running /scripts/local-premount ... [    7.015811] Btrfs loaded
Scanning for Btrfs filesystems
done.
Warning: fsck not present, so skipping root file system
[    7.147566] EXT4-fs (sda1): mounted filesystem with ordered data mode. Opts: (null)
done.
Begin: Running /scripts/local-bottom ... done.
Begin: Running /scripts/init-bottom ... done.
[    7.545257] systemd[1]: systemd 229 running in system mode. (+PAM +AUDIT +SELINUX +IMA +APPARMOR +SMACK +SYSVINIT +UTMP +LIBCRYPTSETUP +GCRYPT +GNUTLS +ACL +XZ -LZ4 +SECCOMP +BLKID +ELFUTILS +KMOD -IDN)
[    7.554172] systemd[1]: Detected virtualization oracle.
[    7.557413] systemd[1]: Detected architecture x86-64.

Welcome to [1mUbuntu 16.04.6 LTS[0m!

[    7.568893] systemd[1]: Set hostname to <ubuntu>.
[    7.581356] systemd[1]: Initializing machine ID from random generator.
[    7.585194] systemd[1]: Installed transient /etc/machine-id file.
[    8.001145] systemd[1]: Reached target System Time Synchronized.
[[0;32m  OK  [0m] Reached target System Time Synchronized.
[    8.009802] systemd[1]: Started Forward Password Requests to Wall Directory Watch.
[[0;32m  OK  [0m] Started Forward Password Requests to Wall Directory Watch.
[    8.016732] systemd[1]: Set up automount Arbitrary Executable File Formats File System Automount Point.
[[0;32m  OK  [0m] Set up automount Arbitrary Executab...ats File System Automount Point.
[    8.024256] systemd[1]: Reached target Encrypted Volumes.
[[0;32m  OK  [0m] Reached target Encrypted Volumes.
[    8.032700] systemd[1]: Started Trigger resolvconf update for networkd DNS.
[[0;32m  OK  [0m] Started Trigger resolvconf update for networkd DNS.
[    8.039290] systemd[1]: Listening on LVM2 poll daemon socket.
[[0;32m  OK  [0m] Listening on LVM2 poll daemon socket.
[    8.045124] systemd[1]: Listening on Syslog Socket.
[[0;32m  OK  [0m] Listening on Syslog Socket.
[    8.050022] systemd[1]: Listening on udev Control Socket.
[[0;32m  OK  [0m] Listening on udev Control Socket.
[    8.060732] systemd[1]: Listening on Journal Audit Socket.
[[0;32m  OK  [0m] Listening on Journal Audit Socket.
[    8.065973] systemd[1]: Listening on udev Kernel Socket.
[[0;32m  OK  [0m] Listening on udev Kernel Socket.
[    8.072287] systemd[1]: Reached target User and Group Name Lookups.
[[0;32m  OK  [0m] Reached target User and Group Name Lookups.
[    8.078594] systemd[1]: Created slice User and Session Slice.
[[0;32m  OK  [0m] Created slice User and Session Slice.
[    8.083752] systemd[1]: Listening on Journal Socket.
[[0;32m  OK  [0m] Listening on Journal Socket.
[    8.088133] systemd[1]: Listening on /dev/initctl Compatibility Named Pipe.
[[0;32m  OK  [0m] Listening on /dev/initctl Compatibility Named Pipe.
[    8.094362] systemd[1]: Listening on LVM2 metadata daemon socket.
[[0;32m  OK  [0m] Listening on LVM2 metadata daemon socket.
[    8.100009] systemd[1]: Listening on Journal Socket (/dev/log).
[[0;32m  OK  [0m] Listening on Journal Socket (/dev/log).
[    8.112489] systemd[1]: Reached target Swap.
[[0;32m  OK  [0m] Reached target Swap.
[    8.119649] systemd[1]: Created slice System Slice.
[[0;32m  OK  [0m] Created slice System Slice.
[    8.140376] systemd[1]: Mounting Huge Pages File System...
         Mounting Huge Pages File System...
[    8.148864] systemd[1]: Starting Journal Service...
         Starting Journal Service...
[    8.159160] systemd[1]: Starting Set console keymap...
         Starting Set console keymap...
[    8.169810] systemd[1]: Reached target Slices.
[[0;32m  OK  [0m] Reached target Slices.
[    8.198031] systemd[1]: Mounting POSIX Message Queue File System...
         Mounting POSIX Message Queue File System...
[    8.216044] systemd[1]: Mounting Debug File System...
         Mounting Debug File System...
[    8.223118] systemd[1]: Starting Create list of required static device nodes for the current kernel...
         Starting Create list of required st... nodes for the current kernel...
[    8.239218] systemd[1]: Starting Nameserver information manager...
         Starting Nameserver information manager...
[    8.247855] systemd[1]: Created slice system-serial\x2dgetty.slice.
[[0;32m  OK  [0m] Created slice system-serial\x2dgetty.slice.
[    8.294441] systemd[1]: Starting Load Kernel Modules...
         Starting Load Kernel Modules...[    8.299659] random: nonblocking pool is initialized

[    8.309663] systemd[1]: Starting Uncomplicated firewall...
         Starting Uncomplicated firewall...
[    8.329329] Loading iSCSI transport class v2.0-870.
[    8.338463] systemd[1]: Starting Remount Root and Kernel File Systems...
         Starting Remount Root and Kernel File Systems...
[    8.346869] systemd[1]: Listening on Device-mapper event daemon FIFOs.
[[0;32m  OK  [0m] Listening on Device-mapper event daemon FIFOs.
[    8.357521] EXT4-fs (sda1): re-mounted. Opts: (null)
[    8.362526] systemd[1]: Starting Monitoring of LVM2 mirrors, snapshots etc. using dmeventd or progress polling...
[    8.366907] iscsi: registered transport (tcp)
         Starting Monitoring of LVM2 mirrors... dmeventd or progress polling...
[    8.378016] systemd[1]: Mounted Debug File System.
[[0;32m  OK  [0m] Mounted Debug File System.
[    8.383598] systemd[1]: Mounted Huge Pages File System.
[[0;32m  OK  [0m] Mounted Huge Pages File System.
[    8.389252] systemd[1]: Mounted POSIX Message Queue File System.
[[0;32m  OK  [0m] Mounted POSIX Message Queue File System.
[    8.396978] systemd[1]: Started Journal Service.
[[0;32m  OK  [0m] Started Journal Service.
[[0;32m  OK  [0m] Started Set console keymap.
[[0;32m  OK  [0m] Started Create list of required sta...ce nodes for the current kernel.
[[0;32m  OK  [0m] Started Uncomplicated firewall.
[[0;32m  OK  [0m] Started Remount Root and Kernel File Systems.
[[0;32m  OK  [0m] Started Nameserver information manager.
[[0;32m  OK  [0m] Started LVM2 metadata daemon.
         Starting Load/Save Random Seed...
         Starting udev Coldplug all Devices...
[    8.489194] iscsi: registered transport (iser)
         Starting Create Static Device Nodes in /dev...
         Starting Flush Journal to Persistent Storage...
[[0;32m  OK  [0m] Started Load Kernel Modules.
[[0;32m  OK  [0m] Started Load/Save Random Seed.
         Starting Apply Kernel Variables...
         Mounting FUSE Control File System...
[[0;32m  OK  [0m] Mounted FUSE Control File System.
[    8.558486] systemd-journald[373]: Received request to flush runtime journal from PID 1
[[0;32m  OK  [0m] Started Flush Journal to Persistent Storage.
[[0;32m  OK  [0m] Started Create Static Device Nodes in /dev.
[[0;32m  OK  [0m] Started Apply Kernel Variables.
         Starting udev Kernel Device Manager...
[[0;32m  OK  [0m] Started udev Coldplug all Devices.
[[0;32m  OK  [0m] Started udev Kernel Device Manager.
[[0;32m  OK  [0m] Started Dispatch Password Requests to Console Directory Watch.
[[0;32m  OK  [0m] Found device /dev/ttyS0.
[[0;32m  OK  [0m] Started Monitoring of LVM2 mirrors,...ng dmeventd or progress polling.
[[0;32m  OK  [0m] Reached target Local File Systems (Pre).
[[0;32m  OK  [0m] Reached target Local File Systems.
         Starting Create Volatile Files and Directories...
         Starting LSB: AppArmor initialization...
         Starting Commit a transient machine-id on disk...
         Starting Set console font and keymap...
         Starting Tell Plymouth To Write Out Runtime Data...
         Starting Initial cloud-init job (pre-networking)...
[[0;32m  OK  [0m] Started Create Volatile Files and Directories.
[[0;32m  OK  [0m] Started Commit a transient machine-id on disk.
         Starting Update UTMP about System Boot/Shutdown...
[[0;32m  OK  [0m] Started Tell Plymouth To Write Out Runtime Data.
[[0;32m  OK  [0m] Listening on Load/Save RF Kill Switch Status /dev/rfkill Watch.
[[0;32m  OK  [0m] Started Update UTMP about System Boot/Shutdown.
[   12.821715] cloud-init[523]: Cloud-init v. 19.3-41-gc4735dd3-0ubuntu1~16.04.1 running 'init-local' at Mon, 20 Jan 2020 07:49:25 +0000. Up 11.28 seconds.
[[0;32m  OK  [0m] Started LSB: AppArmor initialization.
[[0;32m  OK  [0m] Started Initial cloud-init job (pre-networking).
[[0;32m  OK  [0m] Reached target Network (Pre).
         Starting Raise network interfaces...
[[0;32m  OK  [0m] Started Set console font and keymap.
[[0;32m  OK  [0m] Created slice system-getty.slice.
[[0;32m  OK  [0m] Started Raise network interfaces.
[[0;32m  OK  [0m] Reached target Network.
         Starting Initial cloud-init job (metadata service crawler)...
[   16.501895] cloud-init[972]: Cloud-init v. 19.3-41-gc4735dd3-0ubuntu1~16.04.1 running 'init' at Mon, 20 Jan 2020 07:49:28 +0000. Up 14.77 seconds.
[   16.521849] cloud-init[972]: ci-info: ++++++++++++++++++++++++++++++++++++++Net device info+++++++++++++++++++++++++++++++++++++++
[   16.535033] cloud-init[972]: ci-info: +--------+-------+----------------------------+---------------+--------+-------------------+
[   16.551314] cloud-init[972]: ci-info: | Device |   Up  |          Address           |      Mask     | Scope  |     Hw-Address    |
[   16.561271] cloud-init[972]: ci-info: +--------+-------+----------------------------+---------------+--------+-------------------+
[   16.571273] cloud-init[972]: ci-info: | enp0s3 |  True |         10.0.2.15          | 255.255.255.0 | global | 02:e4:c4:97:dc:06 |
[   16.581260] cloud-init[972]: ci-info: | enp0s3 |  True | fe80::e4:c4ff:fe97:dc06/64 |       .       |  link  | 02:e4:c4:97:dc:06 |
[   16.589908] cloud-init[972]: ci-info: | enp0s8 | False |             .              |       .       |   .    | 08:00:27:f6:29:15 |
[   16.597209] cloud-init[972]: ci-info: |   lo   |  True |         127.0.0.1          |   255.0.0.0   |  host  |         .         |
[   16.612073] cloud-init[972]: ci-info: |   lo   |  True |          ::1/128           |       .       |  host  |         .         |
[   16.615174] cloud-init[972]: ci-info: +--------+-------+----------------------------+---------------+--------+-------------------+
[   16.631277] cloud-init[972]: ci-info: +++++++++++++++++++++++++++Route IPv4 info++++++++++++++++++++++++++++
[   16.641243] cloud-init[972]: ci-info: +-------+-------------+----------+---------------+-----------+-------+
[   16.649277] cloud-init[972]: ci-info: | Route | Destination | Gateway  |    Genmask    | Interface | Flags |
[   16.657107] [cloud-init[0;32m  OK  [0m[972]: ] ci-info: +-------+-------------+----------+---------------+-----------+-------+Started Initial cloud-init job (metadata service crawler).

[   16.661008] cloud-init[972]: [ci-info: |   0   |   0.0.0.0   | 10.0.2.2 |    0.0.0.0    |   enp0s3  |   UG  |[0;32m  OK  [0m
] Reached target Cloud-config availability.
[   16.677168] [[0;32m  OK  [0m] Reached target System Initialization.
cloud-init[972]: ci-info: |   1   |   10.0.2.0  | 0.0.0.0  | 255.255.255.0 |   enp0s3  |   U   |
[   16.682330] cloud-init[972]: ci-info: +-------+-------------+----------+---------------+-----------+-------+
[   16.683220] cloud-init[972]: ci-info: +++++++++++++++++++Route IPv6 info+++++++++++++++++++
         Starting Socket activation for snappy daemon.
[[   16.683523] cloud-init[972]: ci-info: +-------+-------------+---------+-----------+-------+
[0;32m  OK  [0m[   16.689889] cloud-init[972]: ci-info: | Route | Destination | Gateway | Interface | Flags |
[   16.690851] cloud-init[972]: ci-info: +-------+-------------+---------+-----------+-------+
[   16.691057] cloud-init[972]: ci-info: |   0   |  fe80::/64  |    ::   |   enp0s3  |   U   |
] Listening on UUID daemon activation socket.
[   16.691225] cloud-init[972]: ci-info: |   3   |   ff00::/8  |    ::   |   enp0s3  |   U   |
[   16.691385] cloud-init[972]: ci-info: +-------+-------------+---------+-----------+-------+
[   16.691520] cloud-init[972]: Generating public/private rsa key pair.
[   16.691634] cloud-init[972]: Your identification has been saved in /etc/ssh/ssh_host_rsa_key.
[   16.691753] cloud-init[972]: Your public key has been saved in /etc/ssh/ssh_host_rsa_key.pub.
[   16.705943] cloud-init[972]: The key fingerprint is:
[   16.706282] cloud-init[972]: SHA256:o4KHbFyUXZ6DUP+Kuib+P1JsGuQYOM/fZD0O6JbbWd8 root@ubuntu-xenial
[[0;32m  OK  [0m] Started Message of the Day.
[   16.706464] cloud-init[972]: The key's randomart image is:
[   16.713233] cloud-init[972]: +---[RSA 2048]----+
[   16.716679] cloud-init[972]: |    ... .        |
[[0;32m  OK  [0m] Started ACPI Events Check.
[   16.717148] cloud-init[972]: |     + = .       |
[   16.720628] cloud-init[972]: | .  o o =        |
[[0;32m  OK  [0m] Reached target Paths.
[   16.721520] cloud-init[972]: |o ...    o       |
[   16.723729] cloud-init[972]: | + =.o .S .      |
[   16.723959] cloud-init[972]: | o+++ Booo       |
[   16.724564] cloud-init[972]: |  *ooXooo.       |
[   16.725172] cloud-init[972]: | ...O+oo.. .     |
[   16.725752] cloud-init[972]: | ..===+.  . E    |
[   16.726402] cloud-init[972]: +----[SHA256]-----+
[   16.727024] cloud-init[972]: Generating public/private dsa key pair.
[   16.727995] cloud-init[972]: Your identification has been saved in /etc/ssh/ssh_host_dsa_key.
[   16.728637] cloud-init[972]: Your public key has been saved in /etc/ssh/ssh_host_dsa_key.pub.
[   16.729243] cloud-init[972]: The key fingerprint is:
[   16.729866] cloud-init[972]: SHA256:S09B+JaVIO+b9d9nkRyKMNmr/amO5/s1Nyhp568Bv+A root@ubuntu-xenial
[   16.730503] cloud-init[972]: The key's randomart image is:
[   16.731496] cloud-init[972]: +---[DSA 1024]----+
[   16.732153] cloud-init[972]: |        ..o. .   |
[   16.733020] cloud-init[972]: |        .+  o    |
[   16.733919] cloud-init[972]: |         .=o     |
[   16.734527] cloud-init[972]: |         =+o   . |
[   16.735140] cloud-init[972]: |        S.=.+ o o|
[   16.735849] cloud-init[972]: |       . + *+o.+ |
[   16.736495] cloud-init[972]: |        . *= =.+o|
[   16.737148] cloud-init[972]: |         .+o= =.B|
[   16.737813] cloud-init[972]: |         .+E=Boo+|
[   16.738432] cloud-init[972]: +----[SHA256]-----+
[   16.739054] cloud-init[972]: Generating public/private ecdsa key pair.
[   16.740140] cloud-init[972]: Your identification has been saved in /etc/ssh/ssh_host_ecdsa_key.
[   16.741280] cloud-init[972]: Your public key has been saved in /etc/ssh/ssh_host_ecdsa_key.pub.
[   16.741868] cloud-init[972]: The key fingerprint is:
[   16.742494] cloud-init[972]: SHA256:tcTL+B/HgIXd0xf7UWEZjhB7NgIGDoeslnziYCp/Dws root@ubuntu-xenial
[   16.743199] cloud-init[972]: The key's randomart image is:
[   16.743834] cloud-init[972]: +---[ECDSA 256]---+
[   16.744476] cloud-init[972]: |    ...o.o o.  ==|
[   16.745105] cloud-init[972]: |     o+ ...oo.+o+|
[   16.745713] cloud-init[972]: |  . o  .  =oo=o+o|
[   16.746329] cloud-init[972]: | o * .   = =+ ..+|
[   16.746961] cloud-init[972]: |o + o   S = .   .|
[   16.747928] cloud-init[972]: |o  .     .   o   |
[   16.748568] cloud-init[972]: |..E .     . . o  |
[   16.749177] cloud-init[972]: |  ...o     . o   |
[   16.749803] cloud-init[972]: |   ....     .    |
[   16.750465] cloud-init[972]: +----[SHA256]-----+
[   16.751074] cloud-init[972]: Generating public/private ed25519 key pair.
[   16.752654] cloud-init[972]: Your identification has been saved in /etc/ssh/ssh_host_ed25519_key.
[   16.753719] cloud-init[972]: Your public key has been saved in /etc/ssh/ssh_host_ed25519_key.pub.
[   16.754317] cloud-init[972]: The key fingerprint is:
[   16.754904] cloud-init[972]: SHA256:K8NF4bpIn/i3Vz7yX6fjfJZI5H24R83VX5HApZU0448 root@ubuntu-xenial
[   16.755866] cloud-init[972]: The key's randomart image is:
[   16.756787] cloud-init[972]: +--[ED25519 256]--+
[   16.757411] cloud-init[972]: |        .   ..+*o|
[   16.758013] cloud-init[972]: |       . .   .++o|
[   16.759101] cloud-init[972]: |        o    . .o|
[   16.760031] cloud-init[972]: |       o     . .=|
[   16.760872] cloud-init[972]: |    . . S   o Eo*|
[   16.761762] cloud-init[972]: |   . = + .  .o..*|
[   16.762380] cloud-init[972]: |    o B .  o. .o=|
[   16.762954] cloud-init[972]: |     . o. o ooo+=|
[   16.763934] cloud-init[972]: |      ...o o.+== |
[   16.764556] cloud-init[972]: +----[SHA256]-----+
[[0;32m  OK  [0m] Listening on D-Bus System Message Bus Socket.
[[0;32m  OK  [0m] Started Daily Cleanup of Temporary Directories.
         Starting LXD - unix socket.
[[0;32m  OK  [0m] Listening on ACPID Listen Socket.
[[0;32m  OK  [0m] Started Daily apt download activities.
[[0;32m  OK  [0m] Started Daily apt upgrade and clean activities.
[[0;32m  OK  [0m] Reached target Timers.
[[0;32m  OK  [0m] Reached target Network is Online.
         Starting iSCSI initiator daemon (iscsid)...
[[0;32m  OK  [0m] Listening on Socket activation for snappy daemon.
[[0;32m  OK  [0m] Listening on LXD - unix socket.
[[0;32m  OK  [0m] Reached target Sockets.
[[0;32m  OK  [0m] Reached target Basic System.
[[0;32m  OK  [0m] Started FUSE filesystem for LXC.
         Starting /etc/rc.local Compatibility...
[[0;32m  OK  [0m] Started Deferred execution scheduler.
[[0;32m  OK  [0m] Started D-Bus System Message Bus.
         Starting Virtualbox guest utils...
         Starting Login Service...
         Starting LSB: Record successful boot for GRUB...
[[0;32m  OK  [0m] Started Regular background program processing daemon.
         Starting Pollinate to seed the pseudo random number generator...
         Starting LXD - container startup/shutdown...
         Starting LSB: MD monitoring daemon...
         Starting Accounts Service...
[[0;32m  OK  [0m] Started ACPI event daemon.
         Starting System Logging Service...
         Starting Snappy daemon...
[[0;32m  OK  [0m] Started /etc/rc.local Compatibility.
[[0;32m  OK  [0m] Started Login Service.
[[0;32m  OK  [0m] Started Unattended Upgrades Shutdown.
[[0;32m  OK  [0m] Started iSCSI initiator daemon (iscsid).
         Starting Login to default iSCSI targets...
[[0;32m  OK  [0m] Started LSB: Record successful boot for GRUB.
[[0;32m  OK  [0m] Started System Logging Service.
[[0;32m  OK  [0m] Started LSB: MD monitoring daemon.
[[0;32m  OK  [0m] Started Login to default iSCSI targets.
[[0;32m  OK  [0m] Reached target Remote File Systems (Pre).
[[0;32m  OK  [0m] Reached target Remote File Systems.
         Starting LSB: automatic crash report generation...
         Starting Permit User Sessions...
         Starting LSB: Set the CPU Frequency Scaling governor to "ondemand"...
         Starting LSB: daemon to balance interrupts for SMP systems...
[[0;32m  OK  [0m] Started Permit User Sessions.
         Starting Hold until boot process finishes up...
         Starting Terminate Plymouth Boot Screen...
[[0;32m  OK  [0m] Started Terminate Plymouth Boot Screen.
[[0;32m  OK  [0m] Started Hold until boot process finishes up.
[[0;32m  OK  [0m] Started Getty on tty1.
         Starting Set console scheme...
[[0;32m  OK  [0m] Started Serial Getty on ttyS0.
[[0;32m  OK  [0m] Reached target Login Prompts.
[[0;32m  OK  [0m] Started LSB: Set the CPU Frequency Scaling governor to "ondemand".
[[0;32m  OK  [0m] Started Set console scheme.
         Starting Authenticate and Authorize Users to Run Privileged Tasks...
[[0;32m  OK  [0m] Started LXD - container startup/shutdown.
[[0;32m  OK  [0m] Started LSB: daemon to balance interrupts for SMP systems.
[[0;32m  OK  [0m] Started LSB: automatic crash report generation.
[[0;32m  OK  [0m] Started Authenticate and Authorize Users to Run Privileged Tasks.
[[0;32m  OK  [0m] Started Accounts Service.
[[0;32m  OK  [0m] Started Virtualbox guest utils.
[[0;32m  OK  [0m] Started Snappy daemon.
         Starting Wait until snapd is fully seeded...
[[0;32m  OK  [0m] Started Pollinate to seed the pseudo random number generator.
         Starting OpenBSD Secure Shell server...
[[0;32m  OK  [0m] Started OpenBSD Secure Shell server.
[[0;32m  OK  [0m] Started Wait until snapd is fully seeded.
         Starting Apply the settings specified in cloud-config...
[[0;32m  OK  [0m] Reached target Multi-User System.
[[0;32m  OK  [0m] Reached target Graphical Interface.
         Starting Update UTMP about System Runlevel Changes...
[[0;32m  OK  [0m] Started Update UTMP about System Runlevel Changes.
[[0;32m  OK  [0m] Created slice User Slice of vagrant.
         Starting User Manager for UID 1000...
[[0;32m  OK  [0m] Started Session 1 of user vagrant.
[[0;32m  OK  [0m] Started User Manager for UID 1000.
[   21.460525] cloud-init[1332]: Generating locales (this might take a while)...

Ubuntu 16.04.6 LTS ubuntu-xenial ttyS0

ubuntu-xenial login: [   23.721896] cloud-init[1332]:   en_US.UTF-8... done
[   23.723085] cloud-init[1332]: Generation complete.
[   24.820136] cloud-init[1332]: Cloud-init v. 19.3-41-gc4735dd3-0ubuntu1~16.04.1 running 'modules:config' at Mon, 20 Jan 2020 07:49:35 +0000. Up 21.09 seconds.
ci-info: no authorized ssh keys fingerprints found for user ubuntu.
<14>Jan 20 07:49:40 ec2: 
<14>Jan 20 07:49:40 ec2: #############################################################
<14>Jan 20 07:49:40 ec2: -----BEGIN SSH HOST KEY FINGERPRINTS-----
<14>Jan 20 07:49:40 ec2: 1024 SHA256:S09B+JaVIO+b9d9nkRyKMNmr/amO5/s1Nyhp568Bv+A root@ubuntu-xenial (DSA)
<14>Jan 20 07:49:40 ec2: 256 SHA256:tcTL+B/HgIXd0xf7UWEZjhB7NgIGDoeslnziYCp/Dws root@ubuntu-xenial (ECDSA)
<14>Jan 20 07:49:40 ec2: 256 SHA256:K8NF4bpIn/i3Vz7yX6fjfJZI5H24R83VX5HApZU0448 root@ubuntu-xenial (ED25519)
<14>Jan 20 07:49:40 ec2: 2048 SHA256:o4KHbFyUXZ6DUP+Kuib+P1JsGuQYOM/fZD0O6JbbWd8 root@ubuntu-xenial (RSA)
<14>Jan 20 07:49:40 ec2: -----END SSH HOST KEY FINGERPRINTS-----
<14>Jan 20 07:49:40 ec2: #############################################################
-----BEGIN SSH HOST KEY KEYS-----
ecdsa-sha2-nistp256 AAAAE2VjZHNhLXNoYTItbmlzdHAyNTYAAAAIbmlzdHAyNTYAAABBBF/KhgVvW/g1OL7FUC3IrrvUtPNX/9AASWcORLkD9h502CFXR33Jvl+GWfyz7xTb8py6eDb0arz33zvInc/8Gks= root@ubuntu-xenial
ssh-ed25519 AAAAC3NzaC1lZDI1NTE5AAAAIPWjt9ZyOERv0gQv1BLmcb3Wnkt2o06ZUbco4Wki5r8s root@ubuntu-xenial
ssh-rsa AAAAB3NzaC1yc2EAAAADAQABAAABAQDTSJcG38EMFG4waT5omn72jUMJPbaYJZQjtjgVrybOhnEaVuER3CdKXLUOCbcC0MoeMGC8yF+H1vRBSXWMm9QyW2NUP5Eoh4KX23vtDbPB+qtDvSThn47QF8j6Sei1/DJjZjqZp5xGLl971AFNO5e0Omfzcff4yJwNOr5f0efjKtj+I/JM9D3gJvHg2z8Bk9Pc1zkVBb6CcDfLgs6pU8QK4C/lzM1kf6ZHgUd9O5xRwrT026wa6P4Hw4DzLUMOMWTfCMzTo1pyfvT4gXNYiRZNtgnKQUYPeHHqWSe+M+WG6v/0134l0FVIXJph85FBzYpzUZ6OsSq06ZsNdF6uURYV root@ubuntu-xenial
-----END SSH HOST KEY KEYS-----
[   26.513841] cloud-init[1551]: Cloud-init v. 19.3-41-gc4735dd3-0ubuntu1~16.04.1 running 'modules:final' at Mon, 20 Jan 2020 07:49:39 +0000. Up 26.02 seconds.
[   26.514769] cloud-init[1551]: ci-info: no authorized ssh keys fingerprints found for user ubuntu.
[   26.516509] cloud-init[1551]: Cloud-init v. 19.3-41-gc4735dd3-0ubuntu1~16.04.1 finished at Mon, 20 Jan 2020 07:49:40 +0000. Datasource DataSourceNoCloud [seed=/dev/sdb][dsmode=net].  Up 26.48 seconds
